autoscan: warning: missing AC_CHECK_FUNCS([bzero]) wanted by: 
	libcutils/uevent.c:72
autoscan: warning: missing AC_CHECK_FUNCS([clock_gettime]) wanted by: 
	include/log/log_read.h:56
autoscan: warning: missing AC_CHECK_FUNCS([ftruncate]) wanted by: 
	libcutils/ashmem-host.c:69
autoscan: warning: missing AC_CHECK_FUNCS([gethostname]) wanted by: 
	src/adb_auth_host.c:129
autoscan: warning: missing AC_CHECK_FUNCS([getmntent]) wanted by: 
	src/remount_service.c:47
autoscan: warning: missing AC_CHECK_FUNCS([memmove]) wanted by: 
	libcutils/array.c:124
	libcutils/cpu_info.c:75
	libcutils/record_stream.c:159
autoscan: warning: missing AC_CHECK_FUNCS([munmap]) wanted by: 
	libcutils/mspace.c:242
	libcutils/mspace.c:266
	libcutils/pmem-dev.cpp:223
	libcutils/pmem-dev.cpp:284
	libcutils/pmem-dev.cpp:305
autoscan: warning: missing AC_CHECK_FUNCS([putenv]) wanted by: 
	libcutils/properties.c:313
autoscan: warning: missing AC_CHECK_FUNCS([setenv]) wanted by: 
	libcutils/properties.c:317
	src/adb.c:1341
autoscan: warning: missing AC_CHECK_FUNCS([setlocale]) wanted by: 
	libcutils/tzstrftime.c:747
autoscan: warning: missing AC_CHECK_FUNCS([strcasecmp]) wanted by: 
	src/commandline.c:1899
	src/commandline.c:1945
autoscan: warning: missing AC_CHECK_FUNCS([strndup]) wanted by: 
	libcutils/str_parms.c:119
autoscan: warning: missing AC_CHECK_FUNCS([strstr]) wanted by: 
	libcutils/android_reboot.c:57
autoscan: warning: missing AC_CHECK_HEADERS([arpa/inet.h]) wanted by: 
	libcutils/zygote.c:30
autoscan: warning: missing AC_CHECK_HEADERS([mntent.h]) wanted by: 
	src/remount_service.c:21
autoscan: warning: missing AC_CHECK_MEMBERS([struct stat.st_rdev]) wanted by: 
	src/usb_linux.c:289
	src/usb_linux.c:289
autoscan: warning: missing AC_CHECK_TYPES([ptrdiff_t]) wanted by: 
	src/services.c:524
autoscan: warning: missing AC_FUNC_CHOWN wanted by: 
	src/file_sync_service.c:71
autoscan: warning: missing AC_FUNC_ERROR_AT_LINE wanted by: 
	src/file_sync_client.c:313
	src/file_sync_service.c:274
autoscan: warning: missing AC_FUNC_FSEEKO wanted by: 
	libcutils/open_memstream.c:297
	libcutils/open_memstream.c:299
	libcutils/open_memstream.c:312
	libcutils/open_memstream.c:314
	libcutils/open_memstream.c:296
	libcutils/open_memstream.c:311
autoscan: warning: missing AC_FUNC_GETMNTENT wanted by: 
	src/remount_service.c:47
autoscan: warning: missing AC_FUNC_MKTIME wanted by: 
	libcutils/tzstrftime.c:358
autoscan: warning: missing AC_FUNC_MMAP wanted by: 
	libcutils/mspace.c:230
	libcutils/pmem-dev.cpp:192
	libcutils/pmem-dev.cpp:254
autoscan: warning: missing AC_FUNC_STRNLEN wanted by: 
	src/set_verity_enable_state_service.c:49
autoscan: warning: missing AC_HEADER_MAJOR wanted by: 
	src/usb_linux.c:289
	src/usb_linux.c:289
autoscan: warning: missing AC_HEADER_RESOLV wanted by: 
	libcutils/dir_hash.c:29
	src/adb_auth_client.c:19
autoscan: warning: missing AC_TYPE_INT32_T wanted by: 
	include/cutils/atomic-arm.h:67
	include/cutils/atomic-arm.h:67
	include/cutils/atomic-arm.h:69
	include/cutils/atomic-arm.h:74
	include/cutils/atomic-arm.h:74
	include/cutils/atomic-arm.h:80
	include/cutils/atomic-arm.h:81
	include/cutils/atomic-arm.h:87
	include/cutils/atomic-arm.h:88
	include/cutils/atomic-arm.h:95
	include/cutils/atomic-arm.h:95
	include/cutils/atomic-arm.h:96
	include/cutils/atomic-arm.h:98
	include/cutils/atomic-arm.h:98
	include/cutils/atomic-arm.h:99
	include/cutils/atomic-arm.h:101
	include/cutils/atomic-arm.h:114
	include/cutils/atomic-arm.h:114
	include/cutils/atomic-arm.h:115
	include/cutils/atomic-arm.h:117
	include/cutils/atomic-arm.h:117
	include/cutils/atomic-arm.h:117
	include/cutils/atomic-arm.h:118
	include/cutils/atomic-arm.h:130
	include/cutils/atomic-arm.h:131
	include/cutils/atomic-arm.h:132
	include/cutils/atomic-arm.h:139
	include/cutils/atomic-arm.h:140
	include/cutils/atomic-arm.h:141
	include/cutils/atomic-arm.h:149
	include/cutils/atomic-arm.h:149
	include/cutils/atomic-arm.h:150
	include/cutils/atomic-arm.h:152
	include/cutils/atomic-arm.h:152
	include/cutils/atomic-arm.h:153
	include/cutils/atomic-arm.h:155
	include/cutils/atomic-arm.h:169
	include/cutils/atomic-arm.h:169
	include/cutils/atomic-arm.h:170
	include/cutils/atomic-arm.h:172
	include/cutils/atomic-arm.h:182
	include/cutils/atomic-arm.h:182
	include/cutils/atomic-arm.h:187
	include/cutils/atomic-arm.h:187
	include/cutils/atomic-arm.h:193
	include/cutils/atomic-arm.h:193
	include/cutils/atomic-arm.h:193
	include/cutils/atomic-arm.h:195
	include/cutils/atomic-arm.h:195
	include/cutils/atomic-arm.h:195
	include/cutils/atomic-arm.h:197
	include/cutils/atomic-arm.h:211
	include/cutils/atomic-arm.h:211
	include/cutils/atomic-arm.h:211
	include/cutils/atomic-arm.h:213
	include/cutils/atomic-arm.h:224
	include/cutils/atomic-arm.h:224
	include/cutils/atomic-arm.h:224
	include/cutils/atomic-arm.h:226
	include/cutils/atomic-arm.h:226
	include/cutils/atomic-arm.h:226
	include/cutils/atomic-arm.h:228
	include/cutils/atomic-arm.h:242
	include/cutils/atomic-arm.h:242
	include/cutils/atomic-arm.h:242
	include/cutils/atomic-arm.h:244
	include/cutils/atomic-x86.h:47
	include/cutils/atomic-x86.h:47
	include/cutils/atomic-x86.h:49
	include/cutils/atomic-x86.h:54
	include/cutils/atomic-x86.h:54
	include/cutils/atomic-x86.h:60
	include/cutils/atomic-x86.h:61
	include/cutils/atomic-x86.h:67
	include/cutils/atomic-x86.h:68
	include/cutils/atomic-x86.h:74
	include/cutils/atomic-x86.h:74
	include/cutils/atomic-x86.h:75
	include/cutils/atomic-x86.h:77
	include/cutils/atomic-x86.h:85
	include/cutils/atomic-x86.h:86
	include/cutils/atomic-x86.h:87
	include/cutils/atomic-x86.h:93
	include/cutils/atomic-x86.h:94
	include/cutils/atomic-x86.h:95
	include/cutils/atomic-x86.h:101
	include/cutils/atomic-x86.h:101
	include/cutils/atomic-x86.h:102
	include/cutils/atomic-x86.h:111
	include/cutils/atomic-x86.h:111
	include/cutils/atomic-x86.h:116
	include/cutils/atomic-x86.h:116
	include/cutils/atomic-x86.h:121
	include/cutils/atomic-x86.h:121
	include/cutils/atomic-x86.h:122
	include/cutils/atomic-x86.h:124
	include/cutils/atomic-x86.h:132
	include/cutils/atomic-x86.h:132
	include/cutils/atomic-x86.h:132
	include/cutils/atomic-x86.h:134
	include/cutils/atomic.h:68
	include/cutils/atomic.h:68
	include/cutils/atomic.h:69
	include/cutils/atomic.h:69
	include/cutils/atomic.h:70
	include/cutils/atomic.h:70
	include/cutils/atomic.h:70
	include/cutils/atomic.h:71
	include/cutils/atomic.h:71
	include/cutils/atomic.h:71
	include/cutils/atomic.h:72
	include/cutils/atomic.h:72
	include/cutils/atomic.h:72
	include/cutils/atomic.h:80
	include/cutils/atomic.h:80
	include/cutils/atomic.h:81
	include/cutils/atomic.h:81
	include/cutils/atomic.h:89
	include/cutils/atomic.h:89
	include/cutils/atomic.h:90
	include/cutils/atomic.h:90
	include/cutils/atomic.h:104
	include/cutils/atomic.h:104
	include/cutils/atomic.h:105
	include/cutils/atomic.h:106
	include/cutils/atomic.h:106
	include/cutils/atomic.h:107
	include/cutils/logd.h:41
	include/cutils/logd.h:42
	include/cutils/logger.h:18
	include/cutils/logger.h:19
	include/cutils/logger.h:20
	include/cutils/logger.h:21
	include/log/logd.h:42
	include/log/logd.h:43
	include/log/logd.h:45
	include/log/logger.h:29
	include/log/logger.h:30
	include/log/logger.h:31
	include/log/logger.h:32
	include/log/logger.h:44
	include/log/logger.h:45
	include/log/logger.h:46
	include/log/logger.h:47
	include/log/logger.h:55
	include/log/logger.h:56
	include/log/logger.h:57
	include/log/logger.h:58
	include/log/logprint.h:48
	include/log/logprint.h:49
	libcutils/atomic-android-sh.c:52
	libcutils/atomic-android-sh.c:52
	libcutils/atomic-android-sh.c:57
	libcutils/atomic-android-sh.c:57
	libcutils/atomic-android-sh.c:62
	libcutils/atomic-android-sh.c:62
	libcutils/atomic-android-sh.c:63
	libcutils/atomic-android-sh.c:69
	libcutils/atomic-android-sh.c:69
	libcutils/atomic-android-sh.c:70
	libcutils/atomic-android-sh.c:76
	libcutils/atomic-android-sh.c:76
	libcutils/atomic-android-sh.c:77
	libcutils/atomic-android-sh.c:84
	libcutils/atomic-android-sh.c:84
	libcutils/atomic-android-sh.c:85
	libcutils/atomic-android-sh.c:92
	libcutils/atomic-android-sh.c:92
	libcutils/atomic-android-sh.c:92
	libcutils/atomic-android-sh.c:93
	libcutils/atomic-android-sh.c:100
	libcutils/atomic-android-sh.c:100
	libcutils/atomic-android-sh.c:100
	libcutils/atomic-android-sh.c:101
	libcutils/atomic-android-sh.c:108
	libcutils/atomic-android-sh.c:108
	libcutils/atomic-android-sh.c:108
	libcutils/atomic-android-sh.c:109
	libcutils/atomic-android-sh.c:116
	libcutils/atomic-android-sh.c:116
	libcutils/atomic-android-sh.c:117
	libcutils/atomic-android-sh.c:121
	libcutils/atomic-android-sh.c:121
	libcutils/atomic-android-sh.c:122
autoscan: warning: missing AC_TYPE_OFF_T wanted by: 
	libcutils/open_memstream.c:167
	libcutils/open_memstream.c:167
	libcutils/open_memstream.c:287
autoscan: warning: missing AC_TYPE_UINT32_T wanted by: 
	include/cutils/memory.h:31
	include/cutils/memory.h:31
	include/log/log_read.h:33
	include/log/log_read.h:34
	include/log/log_read.h:36
	include/log/log_read.h:37
	include/log/log_read.h:44
	include/log/log_read.h:44
	include/log/log_read.h:70
	include/log/log_read.h:71
	include/log/log_read.h:79
	include/log/log_read.h:80
	include/log/log_read.h:81
	include/log/log_read.h:89
	include/log/log_read.h:90
	include/log/log_read.h:91
	include/log/log_read.h:164
	include/log/log_read.h:165
	include/log/logger.h:48
	include/log/logger.h:59
	include/mincrypt/hash-internal.h:27
	include/mincrypt/rsa.h:42
	include/mincrypt/rsa.h:43
	include/mincrypt/rsa.h:44
	libcutils/memory.c:30
	libcutils/memory.c:30
	libcutils/record_stream.c:84
	libcutils/str_parms.c:46
	libcutils/strdup8to16.c:112
	libcutils/strdup8to16.c:114
	libcutils/strdup8to16.c:157
	libcutils/strdup8to16.c:194
	libcutils/zygote.c:52
	libmincrypt/rsa.c:34
	libmincrypt/rsa.c:39
	libmincrypt/rsa.c:46
	libmincrypt/rsa.c:58
	libmincrypt/rsa.c:59
	libmincrypt/rsa.c:60
	libmincrypt/rsa.c:62
	libmincrypt/rsa.c:62
	libmincrypt/rsa.c:63
	libmincrypt/rsa.c:68
	libmincrypt/rsa.c:69
	libmincrypt/rsa.c:74
	libmincrypt/rsa.c:83
	libmincrypt/rsa.c:84
	libmincrypt/rsa.c:85
	libmincrypt/rsa.c:99
	libmincrypt/rsa.c:100
	libmincrypt/rsa.c:101
	libmincrypt/rsa.c:102
	libmincrypt/rsa.c:107
	libmincrypt/rsa.c:137
	libmincrypt/sha.c:39
	libmincrypt/sha.c:40
	libmincrypt/sha.c:45
	libmincrypt/sha.c:63
	libmincrypt/sha.c:138
	libmincrypt/sha256.c:39
	libmincrypt/sha256.c:58
	libmincrypt/sha256.c:59
	libmincrypt/sha256.c:64
	libmincrypt/sha256.c:72
	libmincrypt/sha256.c:73
	libmincrypt/sha256.c:87
	libmincrypt/sha256.c:88
	libmincrypt/sha256.c:89
	libmincrypt/sha256.c:90
	libmincrypt/sha256.c:91
	libmincrypt/sha256.c:92
	libmincrypt/sha256.c:167
	src/set_verity_enable_state_service.c:90
	src/set_verity_enable_state_service.c:91
autoscan: warning: missing AC_TYPE_UINT64_T wanted by: 
	include/log/log_read.h:150
	include/log/log_read.h:152
	include/log/logger.h:117
	include/log/logger.h:119
	include/mincrypt/hash-internal.h:25
	libcutils/qtaguid.c:103
	libcutils/qtaguid.c:103
	libcutils/qtaguid.c:150
	libcutils/qtaguid.c:150
	libmincrypt/rsa.c:38
	libmincrypt/rsa.c:61
	libmincrypt/rsa.c:61
	libmincrypt/rsa.c:63
	libmincrypt/rsa.c:63
	libmincrypt/rsa.c:67
	libmincrypt/rsa.c:68
	libmincrypt/sha.c:125
	libmincrypt/sha256.c:154
	src/file_sync_service.c:54
	src/file_sync_service.c:361
	src/set_verity_enable_state_service.c:53
	src/set_verity_enable_state_service.c:93
