This file contains any messages produced by compilers while
running configure, to aid debugging if configure makes a mistake.

It was created by adb configure 1.0.1, which was
generated by GNU Autoconf 2.69.  Invocation command line was

  $ ./configure 

## --------- ##
## Platform. ##
## --------- ##

hostname = colindeiMac.local
uname -m = x86_64
uname -r = 14.1.0
uname -s = Darwin
uname -v = Darwin Kernel Version 14.1.0: Mon Dec 22 23:10:38 PST 2014; root:xnu-2782.10.72~2/RELEASE_X86_64

/usr/bin/uname -p = i386
/bin/uname -X     = unknown

/bin/arch              = unknown
/usr/bin/arch -k       = unknown
/usr/convex/getsysinfo = unknown
/usr/bin/hostinfo      = Mach kernel version:
	 Darwin Kernel Version 14.1.0: Mon Dec 22 23:10:38 PST 2014; root:xnu-2782.10.72~2/RELEASE_X86_64
Kernel configured for up to 8 processors.
4 processors are physically available.
8 processors are logically available.
Processor type: x86_64h (Intel x86-64h Haswell)
Processors active: 0 1 2 3 4 5 6 7
Primary memory available: 16.00 gigabytes
Default processor set: 199 tasks, 901 threads, 8 processors
Load average: 3.07, Mach factor: 4.92
/bin/machine           = unknown
/usr/bin/oslevel       = unknown
/bin/universe          = unknown

PATH: /usr/local/bin
PATH: /Users/colin/Documents/Work/MyTools/android-ndk-r9c
PATH: /Users/colin/Documents/Work/MyTools/adt-bundle-mac-x86_64-20131030/sdk/tools
PATH: /Users/colin/Documents/Work/MyTools/adt-bundle-mac-x86_64-20131030/sdk/platform-tools
PATH: /Users/colin/Documents/Work/MyTools/adt-bundle-mac-x86_64-20131030/sdk
PATH: /Users/colin/Documents/Work/MyTools/cocos2d-x-3.3/templates
PATH: /opt/local/bin
PATH: /opt/local/sbin
PATH: /Applications/Cocos/tools/ant/bin
PATH: /Users/colin/Documents/Work/MyTools/cocos2d-x-3.3
PATH: /Users/colin/Documents/Work/MyTools/cocos2d-js-v3.2/tools/cocos2d-console/bin
PATH: /usr/local/bin
PATH: /usr/bin
PATH: /bin
PATH: /usr/sbin
PATH: /sbin
PATH: /opt/X11/bin


## ----------- ##
## Core tests. ##
## ----------- ##

configure:2585: checking for a BSD-compatible install
configure:2653: result: /opt/local/bin/ginstall -c
configure:2664: checking whether build environment is sane
configure:2719: result: yes
configure:2870: checking for a thread-safe mkdir -p
configure:2909: result: /opt/local/bin/gmkdir -p
configure:2916: checking for gawk
configure:2946: result: no
configure:2916: checking for mawk
configure:2946: result: no
configure:2916: checking for nawk
configure:2946: result: no
configure:2916: checking for awk
configure:2932: found /usr/bin/awk
configure:2943: result: awk
configure:2954: checking whether make sets $(MAKE)
configure:2976: result: yes
configure:3005: checking whether make supports nested variables
configure:3022: result: yes
configure:3209: checking for g++
configure:3225: found /usr/bin/g++
configure:3236: result: g++
configure:3263: checking for C++ compiler version
configure:3272: g++ --version >&5
Apple LLVM version 6.0 (clang-600.0.56) (based on LLVM 3.5svn)
Target: x86_64-apple-darwin14.1.0
Thread model: posix
Configured with: --prefix=/Applications/Xcode.app/Contents/Developer/usr --with-gxx-include-dir=/usr/include/c++/4.2.1
configure:3283: $? = 0
configure:3272: g++ -v >&5
Configured with: --prefix=/Applications/Xcode.app/Contents/Developer/usr --with-gxx-include-dir=/usr/include/c++/4.2.1
Apple LLVM version 6.0 (clang-600.0.56) (based on LLVM 3.5svn)
Target: x86_64-apple-darwin14.1.0
Thread model: posix
configure:3283: $? = 0
configure:3272: g++ -V >&5
clang: error: argument to '-V' is missing (expected 1 value)
clang: error: no input files
configure:3283: $? = 1
configure:3272: g++ -qversion >&5
clang: error: unknown argument: '-qversion'
clang: error: no input files
configure:3283: $? = 1
configure:3303: checking whether the C++ compiler works
configure:3325: g++    conftest.cpp  >&5
configure:3329: $? = 0
configure:3377: result: yes
configure:3380: checking for C++ compiler default output file name
configure:3382: result: a.out
configure:3388: checking for suffix of executables
configure:3395: g++ -o conftest    conftest.cpp  >&5
configure:3399: $? = 0
configure:3421: result: 
configure:3443: checking whether we are cross compiling
configure:3451: g++ -o conftest    conftest.cpp  >&5
configure:3455: $? = 0
configure:3462: ./conftest
configure:3466: $? = 0
configure:3481: result: no
configure:3486: checking for suffix of object files
configure:3508: g++ -c   conftest.cpp >&5
configure:3512: $? = 0
configure:3533: result: o
configure:3537: checking whether we are using the GNU C++ compiler
configure:3556: g++ -c   conftest.cpp >&5
configure:3556: $? = 0
configure:3565: result: yes
configure:3574: checking whether g++ accepts -g
configure:3594: g++ -c -g  conftest.cpp >&5
configure:3594: $? = 0
configure:3635: result: yes
configure:3669: checking for style of include used by make
configure:3697: result: GNU
configure:3723: checking dependency style of g++
configure:3834: result: gcc3
configure:3897: checking for gcc
configure:3913: found /usr/bin/gcc
configure:3924: result: gcc
configure:4153: checking for C compiler version
configure:4162: gcc --version >&5
Apple LLVM version 6.0 (clang-600.0.56) (based on LLVM 3.5svn)
Target: x86_64-apple-darwin14.1.0
Thread model: posix
Configured with: --prefix=/Applications/Xcode.app/Contents/Developer/usr --with-gxx-include-dir=/usr/include/c++/4.2.1
configure:4173: $? = 0
configure:4162: gcc -v >&5
Configured with: --prefix=/Applications/Xcode.app/Contents/Developer/usr --with-gxx-include-dir=/usr/include/c++/4.2.1
Apple LLVM version 6.0 (clang-600.0.56) (based on LLVM 3.5svn)
Target: x86_64-apple-darwin14.1.0
Thread model: posix
configure:4173: $? = 0
configure:4162: gcc -V >&5
clang: error: argument to '-V' is missing (expected 1 value)
clang: error: no input files
configure:4173: $? = 1
configure:4162: gcc -qversion >&5
clang: error: unknown argument: '-qversion'
clang: error: no input files
configure:4173: $? = 1
configure:4177: checking whether we are using the GNU C compiler
configure:4196: gcc -c   conftest.c >&5
configure:4196: $? = 0
configure:4205: result: yes
configure:4214: checking whether gcc accepts -g
configure:4234: gcc -c -g  conftest.c >&5
configure:4234: $? = 0
configure:4275: result: yes
configure:4292: checking for gcc option to accept ISO C89
configure:4355: gcc  -c -g -O2  conftest.c >&5
configure:4355: $? = 0
configure:4368: result: none needed
configure:4393: checking whether gcc understands -c and -o together
configure:4415: gcc -c conftest.c -o conftest2.o
configure:4418: $? = 0
configure:4415: gcc -c conftest.c -o conftest2.o
configure:4418: $? = 0
configure:4430: result: yes
configure:4449: checking dependency style of gcc
configure:4560: result: gcc3
configure:4618: checking for ranlib
configure:4634: found /usr/bin/ranlib
configure:4645: result: ranlib
configure:4696: checking build system type
configure:4710: result: x86_64-apple-darwin14.1.0
configure:4730: checking host system type
configure:4743: result: x86_64-apple-darwin14.1.0
configure:4784: checking how to print strings
configure:4811: result: printf
configure:4832: checking for a sed that does not truncate output
configure:4896: result: /usr/bin/sed
configure:4914: checking for grep that handles long lines and -e
configure:4972: result: /usr/bin/grep
configure:4977: checking for egrep
configure:5039: result: /usr/bin/grep -E
configure:5044: checking for fgrep
configure:5106: result: /usr/bin/grep -F
configure:5141: checking for ld used by gcc
configure:5208: result: /Applications/Xcode.app/Contents/Developer/Toolchains/OSX10.9.xctoolchain/usr/bin/ld
configure:5215: checking if the linker (/Applications/Xcode.app/Contents/Developer/Toolchains/OSX10.9.xctoolchain/usr/bin/ld) is GNU ld
configure:5230: result: no
configure:5242: checking for BSD- or MS-compatible name lister (nm)
configure:5296: result: /usr/bin/nm
configure:5426: checking the name lister (/usr/bin/nm) interface
configure:5433: gcc -c -g -O2  conftest.c >&5
configure:5436: /usr/bin/nm "conftest.o"
configure:5439: output
0000000000000224 S _some_variable
configure:5446: result: BSD nm
configure:5449: checking whether ln -s works
configure:5453: result: yes
configure:5461: checking the maximum length of command line arguments
configure:5592: result: 196608
configure:5640: checking how to convert x86_64-apple-darwin14.1.0 file names to x86_64-apple-darwin14.1.0 format
configure:5680: result: func_convert_file_noop
configure:5687: checking how to convert x86_64-apple-darwin14.1.0 file names to toolchain format
configure:5707: result: func_convert_file_noop
configure:5714: checking for /Applications/Xcode.app/Contents/Developer/Toolchains/OSX10.9.xctoolchain/usr/bin/ld option to reload object files
configure:5721: result: -r
configure:5795: checking for objdump
configure:5825: result: no
configure:5854: checking how to recognize dependent libraries
configure:6054: result: pass_all
configure:6139: checking for dlltool
configure:6169: result: no
configure:6199: checking how to associate runtime and link libraries
configure:6226: result: printf %s\n
configure:6287: checking for ar
configure:6303: found /usr/bin/ar
configure:6314: result: ar
configure:6351: checking for archiver @FILE support
configure:6368: gcc -c -g -O2  conftest.c >&5
configure:6368: $? = 0
configure:6371: ar cru libconftest.a @conftest.lst >&5
ar: @conftest.lst: No such file or directory
configure:6374: $? = 1
configure:6394: result: no
configure:6452: checking for strip
configure:6468: found /usr/bin/strip
configure:6479: result: strip
configure:6551: checking for ranlib
configure:6578: result: ranlib
configure:6680: checking command to parse /usr/bin/nm output from gcc object
configure:6833: gcc -c -g -O2  conftest.c >&5
configure:6836: $? = 0
configure:6840: /usr/bin/nm conftest.o \| sed -n -e 's/^.*[ ]\([BCDEGRST][BCDEGRST]*\)[ ][ ]*\([_A-Za-z][_A-Za-z0-9]*\)$/\1 \2 \2/p' | sed '/ __gnu_lto/d' \> conftest.nm
configure:6843: $? = 0
cannot find nm_test_var in conftest.nm
configure:6833: gcc -c -g -O2  conftest.c >&5
configure:6836: $? = 0
configure:6840: /usr/bin/nm conftest.o \| sed -n -e 's/^.*[ ]\([BCDEGRST][BCDEGRST]*\)[ ][ ]*_\([_A-Za-z][_A-Za-z0-9]*\)$/\1 _\2 \2/p' | sed '/ __gnu_lto/d' \> conftest.nm
configure:6843: $? = 0
configure:6909: gcc -o conftest -g -O2   conftest.c conftstm.o >&5
configure:6912: $? = 0
configure:6950: result: ok
configure:6997: checking for sysroot
configure:7027: result: no
configure:7034: checking for a working dd
configure:7072: result: /bin/dd
configure:7076: checking how to truncate binary pipes
configure:7091: result: /bin/dd bs=4096 count=1
configure:7420: checking for mt
configure:7450: result: no
configure:7470: checking if : is a manifest tool
configure:7476: : '-?'
configure:7484: result: no
configure:7540: checking for dsymutil
configure:7556: found /usr/bin/dsymutil
configure:7567: result: dsymutil
configure:7632: checking for nmedit
configure:7648: found /usr/bin/nmedit
configure:7659: result: nmedit
configure:7724: checking for lipo
configure:7740: found /usr/bin/lipo
configure:7751: result: lipo
configure:7816: checking for otool
configure:7832: found /usr/bin/otool
configure:7843: result: otool
configure:7908: checking for otool64
configure:7938: result: no
configure:7983: checking for -single_module linker flag
gcc -g -O2  -o libconftest.dylib -dynamiclib -Wl,-single_module conftest.c
configure:8016: result: yes
configure:8019: checking for -exported_symbols_list linker flag
configure:8039: gcc -o conftest -g -O2   -Wl,-exported_symbols_list,conftest.sym conftest.c  >&5
configure:8039: $? = 0
configure:8049: result: yes
configure:8052: checking for -force_load linker flag
gcc -g -O2 -c -o conftest.o conftest.c
ar cru libconftest.a conftest.o
ranlib libconftest.a
gcc -g -O2  -o conftest conftest.c -Wl,-force_load,./libconftest.a
configure:8084: result: yes
configure:8161: checking how to run the C preprocessor
configure:8192: gcc -E  conftest.c
configure:8192: $? = 0
configure:8206: gcc -E  conftest.c
conftest.c:11:10: fatal error: 'ac_nonexistent.h' file not found
#include <ac_nonexistent.h>
         ^
1 error generated.
configure:8206: $? = 1
configure: failed program was:
| /* confdefs.h */
| #define PACKAGE_NAME "adb"
| #define PACKAGE_TARNAME "adb"
| #define PACKAGE_VERSION "1.0.1"
| #define PACKAGE_STRING "adb 1.0.1"
| #define PACKAGE_BUGREPORT "karfield@126.com"
| #define PACKAGE_URL ""
| #define PACKAGE "test"
| #define VERSION "1.0"
| /* end confdefs.h.  */
| #include <ac_nonexistent.h>
configure:8231: result: gcc -E
configure:8251: gcc -E  conftest.c
configure:8251: $? = 0
configure:8265: gcc -E  conftest.c
conftest.c:11:10: fatal error: 'ac_nonexistent.h' file not found
#include <ac_nonexistent.h>
         ^
1 error generated.
configure:8265: $? = 1
configure: failed program was:
| /* confdefs.h */
| #define PACKAGE_NAME "adb"
| #define PACKAGE_TARNAME "adb"
| #define PACKAGE_VERSION "1.0.1"
| #define PACKAGE_STRING "adb 1.0.1"
| #define PACKAGE_BUGREPORT "karfield@126.com"
| #define PACKAGE_URL ""
| #define PACKAGE "test"
| #define VERSION "1.0"
| /* end confdefs.h.  */
| #include <ac_nonexistent.h>
configure:8294: checking for ANSI C header files
configure:8314: gcc -c -g -O2  conftest.c >&5
configure:8314: $? = 0
configure:8387: gcc -o conftest -g -O2   conftest.c  >&5
configure:8387: $? = 0
configure:8387: ./conftest
configure:8387: $? = 0
configure:8398: result: yes
configure:8411: checking for sys/types.h
configure:8411: gcc -c -g -O2  conftest.c >&5
configure:8411: $? = 0
configure:8411: result: yes
configure:8411: checking for sys/stat.h
configure:8411: gcc -c -g -O2  conftest.c >&5
configure:8411: $? = 0
configure:8411: result: yes
configure:8411: checking for stdlib.h
configure:8411: gcc -c -g -O2  conftest.c >&5
configure:8411: $? = 0
configure:8411: result: yes
configure:8411: checking for string.h
configure:8411: gcc -c -g -O2  conftest.c >&5
configure:8411: $? = 0
configure:8411: result: yes
configure:8411: checking for memory.h
configure:8411: gcc -c -g -O2  conftest.c >&5
configure:8411: $? = 0
configure:8411: result: yes
configure:8411: checking for strings.h
configure:8411: gcc -c -g -O2  conftest.c >&5
configure:8411: $? = 0
configure:8411: result: yes
configure:8411: checking for inttypes.h
configure:8411: gcc -c -g -O2  conftest.c >&5
configure:8411: $? = 0
configure:8411: result: yes
configure:8411: checking for stdint.h
configure:8411: gcc -c -g -O2  conftest.c >&5
configure:8411: $? = 0
configure:8411: result: yes
configure:8411: checking for unistd.h
configure:8411: gcc -c -g -O2  conftest.c >&5
configure:8411: $? = 0
configure:8411: result: yes
configure:8425: checking for dlfcn.h
configure:8425: gcc -c -g -O2  conftest.c >&5
configure:8425: $? = 0
configure:8425: result: yes
configure:8692: checking for objdir
configure:8707: result: .libs
configure:8967: checking if gcc supports -fno-rtti -fno-exceptions
configure:8985: gcc -c -g -O2  -fno-rtti -fno-exceptions conftest.c >&5
configure:8989: $? = 0
configure:9002: result: yes
configure:9360: checking for gcc option to produce PIC
configure:9367: result: -fno-common -DPIC
configure:9375: checking if gcc PIC flag -fno-common -DPIC works
configure:9393: gcc -c -g -O2  -fno-common -DPIC -DPIC conftest.c >&5
configure:9397: $? = 0
configure:9410: result: yes
configure:9439: checking if gcc static flag -static works
configure:9467: result: no
configure:9482: checking if gcc supports -c -o file.o
configure:9503: gcc -c -g -O2  -o out/conftest2.o conftest.c >&5
configure:9507: $? = 0
configure:9529: result: yes
configure:9537: checking if gcc supports -c -o file.o
configure:9584: result: yes
configure:9617: checking whether the gcc linker (/Applications/Xcode.app/Contents/Developer/Toolchains/OSX10.9.xctoolchain/usr/bin/ld) supports shared libraries
configure:10876: result: yes
configure:11116: checking dynamic linker characteristics
configure:11934: result: darwin14.1.0 dyld
configure:12049: checking how to hardcode library paths into programs
configure:12074: result: immediate
configure:12622: checking whether stripping libraries is possible
configure:12636: result: yes
configure:12662: checking if libtool supports shared libraries
configure:12664: result: yes
configure:12667: checking whether to build shared libraries
configure:12692: result: yes
configure:12695: checking whether to build static libraries
configure:12699: result: yes
configure:12722: checking how to run the C++ preprocessor
configure:12749: g++ -E  conftest.cpp
configure:12749: $? = 0
configure:12763: g++ -E  conftest.cpp
conftest.cpp:23:10: fatal error: 'ac_nonexistent.h' file not found
#include <ac_nonexistent.h>
         ^
1 error generated.
configure:12763: $? = 1
configure: failed program was:
| /* confdefs.h */
| #define PACKAGE_NAME "adb"
| #define PACKAGE_TARNAME "adb"
| #define PACKAGE_VERSION "1.0.1"
| #define PACKAGE_STRING "adb 1.0.1"
| #define PACKAGE_BUGREPORT "karfield@126.com"
| #define PACKAGE_URL ""
| #define PACKAGE "test"
| #define VERSION "1.0"
| #define STDC_HEADERS 1
| #define HAVE_SYS_TYPES_H 1
| #define HAVE_SYS_STAT_H 1
| #define HAVE_STDLIB_H 1
| #define HAVE_STRING_H 1
| #define HAVE_MEMORY_H 1
| #define HAVE_STRINGS_H 1
| #define HAVE_INTTYPES_H 1
| #define HAVE_STDINT_H 1
| #define HAVE_UNISTD_H 1
| #define HAVE_DLFCN_H 1
| #define LT_OBJDIR ".libs/"
| /* end confdefs.h.  */
| #include <ac_nonexistent.h>
configure:12788: result: g++ -E
configure:12808: g++ -E  conftest.cpp
configure:12808: $? = 0
configure:12822: g++ -E  conftest.cpp
conftest.cpp:23:10: fatal error: 'ac_nonexistent.h' file not found
#include <ac_nonexistent.h>
         ^
1 error generated.
configure:12822: $? = 1
configure: failed program was:
| /* confdefs.h */
| #define PACKAGE_NAME "adb"
| #define PACKAGE_TARNAME "adb"
| #define PACKAGE_VERSION "1.0.1"
| #define PACKAGE_STRING "adb 1.0.1"
| #define PACKAGE_BUGREPORT "karfield@126.com"
| #define PACKAGE_URL ""
| #define PACKAGE "test"
| #define VERSION "1.0"
| #define STDC_HEADERS 1
| #define HAVE_SYS_TYPES_H 1
| #define HAVE_SYS_STAT_H 1
| #define HAVE_STDLIB_H 1
| #define HAVE_STRING_H 1
| #define HAVE_MEMORY_H 1
| #define HAVE_STRINGS_H 1
| #define HAVE_INTTYPES_H 1
| #define HAVE_STDINT_H 1
| #define HAVE_UNISTD_H 1
| #define HAVE_DLFCN_H 1
| #define LT_OBJDIR ".libs/"
| /* end confdefs.h.  */
| #include <ac_nonexistent.h>
configure:12984: checking for ld used by g++
configure:13051: result: /Applications/Xcode.app/Contents/Developer/Toolchains/OSX10.9.xctoolchain/usr/bin/ld
configure:13058: checking if the linker (/Applications/Xcode.app/Contents/Developer/Toolchains/OSX10.9.xctoolchain/usr/bin/ld) is GNU ld
configure:13073: result: no
configure:13128: checking whether the g++ linker (/Applications/Xcode.app/Contents/Developer/Toolchains/OSX10.9.xctoolchain/usr/bin/ld) supports shared libraries
configure:14201: result: yes
configure:14237: g++ -c -g -O2  conftest.cpp >&5
configure:14240: $? = 0
configure:14721: checking for g++ option to produce PIC
configure:14728: result: -fno-common -DPIC
configure:14736: checking if g++ PIC flag -fno-common -DPIC works
configure:14754: g++ -c -g -O2  -fno-common -DPIC -DPIC conftest.cpp >&5
configure:14758: $? = 0
configure:14771: result: yes
configure:14794: checking if g++ static flag -static works
configure:14822: result: no
configure:14834: checking if g++ supports -c -o file.o
configure:14855: g++ -c -g -O2  -o out/conftest2.o conftest.cpp >&5
configure:14859: $? = 0
configure:14881: result: yes
configure:14886: checking if g++ supports -c -o file.o
configure:14933: result: yes
configure:14963: checking whether the g++ linker (/Applications/Xcode.app/Contents/Developer/Toolchains/OSX10.9.xctoolchain/usr/bin/ld) supports shared libraries
configure:15003: result: yes
configure:15144: checking dynamic linker characteristics
configure:15889: result: darwin14.1.0 dyld
configure:15950: checking how to hardcode library paths into programs
configure:15975: result: immediate
configure:16039: checking for sched_setscheduler in -lrt
configure:16064: gcc -o conftest -g -O2   conftest.c -lrt   >&5
ld: library not found for -lrt
clang: error: linker command failed with exit code 1 (use -v to see invocation)
configure:16064: $? = 1
configure: failed program was:
| /* confdefs.h */
| #define PACKAGE_NAME "adb"
| #define PACKAGE_TARNAME "adb"
| #define PACKAGE_VERSION "1.0.1"
| #define PACKAGE_STRING "adb 1.0.1"
| #define PACKAGE_BUGREPORT "karfield@126.com"
| #define PACKAGE_URL ""
| #define PACKAGE "test"
| #define VERSION "1.0"
| #define STDC_HEADERS 1
| #define HAVE_SYS_TYPES_H 1
| #define HAVE_SYS_STAT_H 1
| #define HAVE_STDLIB_H 1
| #define HAVE_STRING_H 1
| #define HAVE_MEMORY_H 1
| #define HAVE_STRINGS_H 1
| #define HAVE_INTTYPES_H 1
| #define HAVE_STDINT_H 1
| #define HAVE_UNISTD_H 1
| #define HAVE_DLFCN_H 1
| #define LT_OBJDIR ".libs/"
| /* end confdefs.h.  */
| 
| /* Override any GCC internal prototype to avoid an error.
|    Use char because int might match the return type of a GCC
|    builtin and then its argument prototype would still apply.  */
| #ifdef __cplusplus
| extern "C"
| #endif
| char sched_setscheduler ();
| int
| main ()
| {
| return sched_setscheduler ();
|   ;
|   return 0;
| }
configure:16073: result: no
configure:16084: checking for pthread_create in -lpthread
configure:16109: gcc -o conftest -g -O2   conftest.c -lpthread   >&5
configure:16109: $? = 0
configure:16118: result: yes
configure:16129: checking for delscreen in -lncurses
configure:16154: gcc -o conftest -g -O2   conftest.c -lncurses  -lpthread  >&5
configure:16154: $? = 0
configure:16163: result: yes
configure:16174: checking for inflateInit2_ in -lz
configure:16199: gcc -o conftest -g -O2   conftest.c -lz  -lncurses -lpthread  >&5
configure:16199: $? = 0
configure:16208: result: yes
configure:16224: checking fcntl.h usability
configure:16224: gcc -c -g -O2  conftest.c >&5
configure:16224: $? = 0
configure:16224: result: yes
configure:16224: checking fcntl.h presence
configure:16224: gcc -E  conftest.c
configure:16224: $? = 0
configure:16224: result: yes
configure:16224: checking for fcntl.h
configure:16224: result: yes
configure:16224: checking limits.h usability
configure:16224: gcc -c -g -O2  conftest.c >&5
configure:16224: $? = 0
configure:16224: result: yes
configure:16224: checking limits.h presence
configure:16224: gcc -E  conftest.c
configure:16224: $? = 0
configure:16224: result: yes
configure:16224: checking for limits.h
configure:16224: result: yes
configure:16224: checking for memory.h
configure:16224: result: yes
configure:16224: checking netdb.h usability
configure:16224: gcc -c -g -O2  conftest.c >&5
configure:16224: $? = 0
configure:16224: result: yes
configure:16224: checking netdb.h presence
configure:16224: gcc -E  conftest.c
configure:16224: $? = 0
configure:16224: result: yes
configure:16224: checking for netdb.h
configure:16224: result: yes
configure:16224: checking netinet/in.h usability
configure:16224: gcc -c -g -O2  conftest.c >&5
configure:16224: $? = 0
configure:16224: result: yes
configure:16224: checking netinet/in.h presence
configure:16224: gcc -E  conftest.c
configure:16224: $? = 0
configure:16224: result: yes
configure:16224: checking for netinet/in.h
configure:16224: result: yes
configure:16224: checking stddef.h usability
configure:16224: gcc -c -g -O2  conftest.c >&5
configure:16224: $? = 0
configure:16224: result: yes
configure:16224: checking stddef.h presence
configure:16224: gcc -E  conftest.c
configure:16224: $? = 0
configure:16224: result: yes
configure:16224: checking for stddef.h
configure:16224: result: yes
configure:16224: checking for stdint.h
configure:16224: result: yes
configure:16224: checking for stdlib.h
configure:16224: result: yes
configure:16224: checking for string.h
configure:16224: result: yes
configure:16224: checking for strings.h
configure:16224: result: yes
configure:16224: checking sys/ioctl.h usability
configure:16224: gcc -c -g -O2  conftest.c >&5
configure:16224: $? = 0
configure:16224: result: yes
configure:16224: checking sys/ioctl.h presence
configure:16224: gcc -E  conftest.c
configure:16224: $? = 0
configure:16224: result: yes
configure:16224: checking for sys/ioctl.h
configure:16224: result: yes
configure:16224: checking sys/mount.h usability
configure:16224: gcc -c -g -O2  conftest.c >&5
configure:16224: $? = 0
configure:16224: result: yes
configure:16224: checking sys/mount.h presence
configure:16224: gcc -E  conftest.c
configure:16224: $? = 0
configure:16224: result: yes
configure:16224: checking for sys/mount.h
configure:16224: result: yes
configure:16224: checking sys/socket.h usability
configure:16224: gcc -c -g -O2  conftest.c >&5
configure:16224: $? = 0
configure:16224: result: yes
configure:16224: checking sys/socket.h presence
configure:16224: gcc -E  conftest.c
configure:16224: $? = 0
configure:16224: result: yes
configure:16224: checking for sys/socket.h
configure:16224: result: yes
configure:16224: checking sys/time.h usability
configure:16224: gcc -c -g -O2  conftest.c >&5
configure:16224: $? = 0
configure:16224: result: yes
configure:16224: checking sys/time.h presence
configure:16224: gcc -E  conftest.c
configure:16224: $? = 0
configure:16224: result: yes
configure:16224: checking for sys/time.h
configure:16224: result: yes
configure:16224: checking termios.h usability
configure:16224: gcc -c -g -O2  conftest.c >&5
configure:16224: $? = 0
configure:16224: result: yes
configure:16224: checking termios.h presence
configure:16224: gcc -E  conftest.c
configure:16224: $? = 0
configure:16224: result: yes
configure:16224: checking for termios.h
configure:16224: result: yes
configure:16224: checking for unistd.h
configure:16224: result: yes
configure:16224: checking utime.h usability
configure:16224: gcc -c -g -O2  conftest.c >&5
configure:16224: $? = 0
configure:16224: result: yes
configure:16224: checking utime.h presence
configure:16224: gcc -E  conftest.c
configure:16224: $? = 0
configure:16224: result: yes
configure:16224: checking for utime.h
configure:16224: result: yes
configure:16236: checking for uid_t in sys/types.h
configure:16255: result: yes
configure:16266: checking for inline
configure:16282: gcc -c -g -O2  conftest.c >&5
configure:16282: $? = 0
configure:16290: result: inline
configure:16308: checking for int64_t
configure:16308: gcc -c -g -O2  conftest.c >&5
configure:16308: $? = 0
configure:16308: gcc -c -g -O2  conftest.c >&5
conftest.c:80:24: error: 'test_array' declared as an array with a negative size
static int test_array [1 - 2 * !((int64_t) (((((int64_t) 1 << N) << N) - 1) * 2 + 1)
                       ^~~~~~~~~~~~~~~~~~~~~~~~~~~~~~~~~~~~~~~~~~~~~~~~~~~~~~~~~~~~~
1 error generated.
configure:16308: $? = 1
configure: failed program was:
| /* confdefs.h */
| #define PACKAGE_NAME "adb"
| #define PACKAGE_TARNAME "adb"
| #define PACKAGE_VERSION "1.0.1"
| #define PACKAGE_STRING "adb 1.0.1"
| #define PACKAGE_BUGREPORT "karfield@126.com"
| #define PACKAGE_URL ""
| #define PACKAGE "test"
| #define VERSION "1.0"
| #define STDC_HEADERS 1
| #define HAVE_SYS_TYPES_H 1
| #define HAVE_SYS_STAT_H 1
| #define HAVE_STDLIB_H 1
| #define HAVE_STRING_H 1
| #define HAVE_MEMORY_H 1
| #define HAVE_STRINGS_H 1
| #define HAVE_INTTYPES_H 1
| #define HAVE_STDINT_H 1
| #define HAVE_UNISTD_H 1
| #define HAVE_DLFCN_H 1
| #define LT_OBJDIR ".libs/"
| #define HAVE_LIBPTHREAD 1
| #define HAVE_LIBNCURSES 1
| #define HAVE_LIBZ 1
| #define HAVE_FCNTL_H 1
| #define HAVE_LIMITS_H 1
| #define HAVE_MEMORY_H 1
| #define HAVE_NETDB_H 1
| #define HAVE_NETINET_IN_H 1
| #define HAVE_STDDEF_H 1
| #define HAVE_STDINT_H 1
| #define HAVE_STDLIB_H 1
| #define HAVE_STRING_H 1
| #define HAVE_STRINGS_H 1
| #define HAVE_SYS_IOCTL_H 1
| #define HAVE_SYS_MOUNT_H 1
| #define HAVE_SYS_SOCKET_H 1
| #define HAVE_SYS_TIME_H 1
| #define HAVE_TERMIOS_H 1
| #define HAVE_UNISTD_H 1
| #define HAVE_UTIME_H 1
| /* end confdefs.h.  */
| #include <stdio.h>
| #ifdef HAVE_SYS_TYPES_H
| # include <sys/types.h>
| #endif
| #ifdef HAVE_SYS_STAT_H
| # include <sys/stat.h>
| #endif
| #ifdef STDC_HEADERS
| # include <stdlib.h>
| # include <stddef.h>
| #else
| # ifdef HAVE_STDLIB_H
| #  include <stdlib.h>
| # endif
| #endif
| #ifdef HAVE_STRING_H
| # if !defined STDC_HEADERS && defined HAVE_MEMORY_H
| #  include <memory.h>
| # endif
| # include <string.h>
| #endif
| #ifdef HAVE_STRINGS_H
| # include <strings.h>
| #endif
| #ifdef HAVE_INTTYPES_H
| # include <inttypes.h>
| #endif
| #ifdef HAVE_STDINT_H
| # include <stdint.h>
| #endif
| #ifdef HAVE_UNISTD_H
| # include <unistd.h>
| #endif
| 	        enum { N = 64 / 2 - 1 };
| int
| main ()
| {
| static int test_array [1 - 2 * !((int64_t) (((((int64_t) 1 << N) << N) - 1) * 2 + 1)
| 		 < (int64_t) (((((int64_t) 1 << N) << N) - 1) * 2 + 2))];
| test_array [0] = 0;
| return test_array [0];
| 
|   ;
|   return 0;
| }
configure:16308: result: yes
configure:16319: checking for mode_t
configure:16319: gcc -c -g -O2  conftest.c >&5
configure:16319: $? = 0
configure:16319: gcc -c -g -O2  conftest.c >&5
conftest.c:79:21: error: expected expression
if (sizeof ((mode_t)))
                    ^
1 error generated.
configure:16319: $? = 1
configure: failed program was:
| /* confdefs.h */
| #define PACKAGE_NAME "adb"
| #define PACKAGE_TARNAME "adb"
| #define PACKAGE_VERSION "1.0.1"
| #define PACKAGE_STRING "adb 1.0.1"
| #define PACKAGE_BUGREPORT "karfield@126.com"
| #define PACKAGE_URL ""
| #define PACKAGE "test"
| #define VERSION "1.0"
| #define STDC_HEADERS 1
| #define HAVE_SYS_TYPES_H 1
| #define HAVE_SYS_STAT_H 1
| #define HAVE_STDLIB_H 1
| #define HAVE_STRING_H 1
| #define HAVE_MEMORY_H 1
| #define HAVE_STRINGS_H 1
| #define HAVE_INTTYPES_H 1
| #define HAVE_STDINT_H 1
| #define HAVE_UNISTD_H 1
| #define HAVE_DLFCN_H 1
| #define LT_OBJDIR ".libs/"
| #define HAVE_LIBPTHREAD 1
| #define HAVE_LIBNCURSES 1
| #define HAVE_LIBZ 1
| #define HAVE_FCNTL_H 1
| #define HAVE_LIMITS_H 1
| #define HAVE_MEMORY_H 1
| #define HAVE_NETDB_H 1
| #define HAVE_NETINET_IN_H 1
| #define HAVE_STDDEF_H 1
| #define HAVE_STDINT_H 1
| #define HAVE_STDLIB_H 1
| #define HAVE_STRING_H 1
| #define HAVE_STRINGS_H 1
| #define HAVE_SYS_IOCTL_H 1
| #define HAVE_SYS_MOUNT_H 1
| #define HAVE_SYS_SOCKET_H 1
| #define HAVE_SYS_TIME_H 1
| #define HAVE_TERMIOS_H 1
| #define HAVE_UNISTD_H 1
| #define HAVE_UTIME_H 1
| /* end confdefs.h.  */
| #include <stdio.h>
| #ifdef HAVE_SYS_TYPES_H
| # include <sys/types.h>
| #endif
| #ifdef HAVE_SYS_STAT_H
| # include <sys/stat.h>
| #endif
| #ifdef STDC_HEADERS
| # include <stdlib.h>
| # include <stddef.h>
| #else
| # ifdef HAVE_STDLIB_H
| #  include <stdlib.h>
| # endif
| #endif
| #ifdef HAVE_STRING_H
| # if !defined STDC_HEADERS && defined HAVE_MEMORY_H
| #  include <memory.h>
| # endif
| # include <string.h>
| #endif
| #ifdef HAVE_STRINGS_H
| # include <strings.h>
| #endif
| #ifdef HAVE_INTTYPES_H
| # include <inttypes.h>
| #endif
| #ifdef HAVE_STDINT_H
| # include <stdint.h>
| #endif
| #ifdef HAVE_UNISTD_H
| # include <unistd.h>
| #endif
| int
| main ()
| {
| if (sizeof ((mode_t)))
| 	    return 0;
|   ;
|   return 0;
| }
configure:16319: result: yes
configure:16330: checking for pid_t
configure:16330: gcc -c -g -O2  conftest.c >&5
configure:16330: $? = 0
configure:16330: gcc -c -g -O2  conftest.c >&5
conftest.c:79:20: error: expected expression
if (sizeof ((pid_t)))
                   ^
1 error generated.
configure:16330: $? = 1
configure: failed program was:
| /* confdefs.h */
| #define PACKAGE_NAME "adb"
| #define PACKAGE_TARNAME "adb"
| #define PACKAGE_VERSION "1.0.1"
| #define PACKAGE_STRING "adb 1.0.1"
| #define PACKAGE_BUGREPORT "karfield@126.com"
| #define PACKAGE_URL ""
| #define PACKAGE "test"
| #define VERSION "1.0"
| #define STDC_HEADERS 1
| #define HAVE_SYS_TYPES_H 1
| #define HAVE_SYS_STAT_H 1
| #define HAVE_STDLIB_H 1
| #define HAVE_STRING_H 1
| #define HAVE_MEMORY_H 1
| #define HAVE_STRINGS_H 1
| #define HAVE_INTTYPES_H 1
| #define HAVE_STDINT_H 1
| #define HAVE_UNISTD_H 1
| #define HAVE_DLFCN_H 1
| #define LT_OBJDIR ".libs/"
| #define HAVE_LIBPTHREAD 1
| #define HAVE_LIBNCURSES 1
| #define HAVE_LIBZ 1
| #define HAVE_FCNTL_H 1
| #define HAVE_LIMITS_H 1
| #define HAVE_MEMORY_H 1
| #define HAVE_NETDB_H 1
| #define HAVE_NETINET_IN_H 1
| #define HAVE_STDDEF_H 1
| #define HAVE_STDINT_H 1
| #define HAVE_STDLIB_H 1
| #define HAVE_STRING_H 1
| #define HAVE_STRINGS_H 1
| #define HAVE_SYS_IOCTL_H 1
| #define HAVE_SYS_MOUNT_H 1
| #define HAVE_SYS_SOCKET_H 1
| #define HAVE_SYS_TIME_H 1
| #define HAVE_TERMIOS_H 1
| #define HAVE_UNISTD_H 1
| #define HAVE_UTIME_H 1
| /* end confdefs.h.  */
| #include <stdio.h>
| #ifdef HAVE_SYS_TYPES_H
| # include <sys/types.h>
| #endif
| #ifdef HAVE_SYS_STAT_H
| # include <sys/stat.h>
| #endif
| #ifdef STDC_HEADERS
| # include <stdlib.h>
| # include <stddef.h>
| #else
| # ifdef HAVE_STDLIB_H
| #  include <stdlib.h>
| # endif
| #endif
| #ifdef HAVE_STRING_H
| # if !defined STDC_HEADERS && defined HAVE_MEMORY_H
| #  include <memory.h>
| # endif
| # include <string.h>
| #endif
| #ifdef HAVE_STRINGS_H
| # include <strings.h>
| #endif
| #ifdef HAVE_INTTYPES_H
| # include <inttypes.h>
| #endif
| #ifdef HAVE_STDINT_H
| # include <stdint.h>
| #endif
| #ifdef HAVE_UNISTD_H
| # include <unistd.h>
| #endif
| int
| main ()
| {
| if (sizeof ((pid_t)))
| 	    return 0;
|   ;
|   return 0;
| }
configure:16330: result: yes
configure:16341: checking for size_t
configure:16341: gcc -c -g -O2  conftest.c >&5
configure:16341: $? = 0
configure:16341: gcc -c -g -O2  conftest.c >&5
conftest.c:79:21: error: expected expression
if (sizeof ((size_t)))
                    ^
1 error generated.
configure:16341: $? = 1
configure: failed program was:
| /* confdefs.h */
| #define PACKAGE_NAME "adb"
| #define PACKAGE_TARNAME "adb"
| #define PACKAGE_VERSION "1.0.1"
| #define PACKAGE_STRING "adb 1.0.1"
| #define PACKAGE_BUGREPORT "karfield@126.com"
| #define PACKAGE_URL ""
| #define PACKAGE "test"
| #define VERSION "1.0"
| #define STDC_HEADERS 1
| #define HAVE_SYS_TYPES_H 1
| #define HAVE_SYS_STAT_H 1
| #define HAVE_STDLIB_H 1
| #define HAVE_STRING_H 1
| #define HAVE_MEMORY_H 1
| #define HAVE_STRINGS_H 1
| #define HAVE_INTTYPES_H 1
| #define HAVE_STDINT_H 1
| #define HAVE_UNISTD_H 1
| #define HAVE_DLFCN_H 1
| #define LT_OBJDIR ".libs/"
| #define HAVE_LIBPTHREAD 1
| #define HAVE_LIBNCURSES 1
| #define HAVE_LIBZ 1
| #define HAVE_FCNTL_H 1
| #define HAVE_LIMITS_H 1
| #define HAVE_MEMORY_H 1
| #define HAVE_NETDB_H 1
| #define HAVE_NETINET_IN_H 1
| #define HAVE_STDDEF_H 1
| #define HAVE_STDINT_H 1
| #define HAVE_STDLIB_H 1
| #define HAVE_STRING_H 1
| #define HAVE_STRINGS_H 1
| #define HAVE_SYS_IOCTL_H 1
| #define HAVE_SYS_MOUNT_H 1
| #define HAVE_SYS_SOCKET_H 1
| #define HAVE_SYS_TIME_H 1
| #define HAVE_TERMIOS_H 1
| #define HAVE_UNISTD_H 1
| #define HAVE_UTIME_H 1
| /* end confdefs.h.  */
| #include <stdio.h>
| #ifdef HAVE_SYS_TYPES_H
| # include <sys/types.h>
| #endif
| #ifdef HAVE_SYS_STAT_H
| # include <sys/stat.h>
| #endif
| #ifdef STDC_HEADERS
| # include <stdlib.h>
| # include <stddef.h>
| #else
| # ifdef HAVE_STDLIB_H
| #  include <stdlib.h>
| # endif
| #endif
| #ifdef HAVE_STRING_H
| # if !defined STDC_HEADERS && defined HAVE_MEMORY_H
| #  include <memory.h>
| # endif
| # include <string.h>
| #endif
| #ifdef HAVE_STRINGS_H
| # include <strings.h>
| #endif
| #ifdef HAVE_INTTYPES_H
| # include <inttypes.h>
| #endif
| #ifdef HAVE_STDINT_H
| # include <stdint.h>
| #endif
| #ifdef HAVE_UNISTD_H
| # include <unistd.h>
| #endif
| int
| main ()
| {
| if (sizeof ((size_t)))
| 	    return 0;
|   ;
|   return 0;
| }
configure:16341: result: yes
configure:16352: checking for ssize_t
configure:16352: gcc -c -g -O2  conftest.c >&5
configure:16352: $? = 0
configure:16352: gcc -c -g -O2  conftest.c >&5
conftest.c:79:22: error: expected expression
if (sizeof ((ssize_t)))
                     ^
1 error generated.
configure:16352: $? = 1
configure: failed program was:
| /* confdefs.h */
| #define PACKAGE_NAME "adb"
| #define PACKAGE_TARNAME "adb"
| #define PACKAGE_VERSION "1.0.1"
| #define PACKAGE_STRING "adb 1.0.1"
| #define PACKAGE_BUGREPORT "karfield@126.com"
| #define PACKAGE_URL ""
| #define PACKAGE "test"
| #define VERSION "1.0"
| #define STDC_HEADERS 1
| #define HAVE_SYS_TYPES_H 1
| #define HAVE_SYS_STAT_H 1
| #define HAVE_STDLIB_H 1
| #define HAVE_STRING_H 1
| #define HAVE_MEMORY_H 1
| #define HAVE_STRINGS_H 1
| #define HAVE_INTTYPES_H 1
| #define HAVE_STDINT_H 1
| #define HAVE_UNISTD_H 1
| #define HAVE_DLFCN_H 1
| #define LT_OBJDIR ".libs/"
| #define HAVE_LIBPTHREAD 1
| #define HAVE_LIBNCURSES 1
| #define HAVE_LIBZ 1
| #define HAVE_FCNTL_H 1
| #define HAVE_LIMITS_H 1
| #define HAVE_MEMORY_H 1
| #define HAVE_NETDB_H 1
| #define HAVE_NETINET_IN_H 1
| #define HAVE_STDDEF_H 1
| #define HAVE_STDINT_H 1
| #define HAVE_STDLIB_H 1
| #define HAVE_STRING_H 1
| #define HAVE_STRINGS_H 1
| #define HAVE_SYS_IOCTL_H 1
| #define HAVE_SYS_MOUNT_H 1
| #define HAVE_SYS_SOCKET_H 1
| #define HAVE_SYS_TIME_H 1
| #define HAVE_TERMIOS_H 1
| #define HAVE_UNISTD_H 1
| #define HAVE_UTIME_H 1
| /* end confdefs.h.  */
| #include <stdio.h>
| #ifdef HAVE_SYS_TYPES_H
| # include <sys/types.h>
| #endif
| #ifdef HAVE_SYS_STAT_H
| # include <sys/stat.h>
| #endif
| #ifdef STDC_HEADERS
| # include <stdlib.h>
| # include <stddef.h>
| #else
| # ifdef HAVE_STDLIB_H
| #  include <stdlib.h>
| # endif
| #endif
| #ifdef HAVE_STRING_H
| # if !defined STDC_HEADERS && defined HAVE_MEMORY_H
| #  include <memory.h>
| # endif
| # include <string.h>
| #endif
| #ifdef HAVE_STRINGS_H
| # include <strings.h>
| #endif
| #ifdef HAVE_INTTYPES_H
| # include <inttypes.h>
| #endif
| #ifdef HAVE_STDINT_H
| # include <stdint.h>
| #endif
| #ifdef HAVE_UNISTD_H
| # include <unistd.h>
| #endif
| int
| main ()
| {
| if (sizeof ((ssize_t)))
| 	    return 0;
|   ;
|   return 0;
| }
configure:16352: result: yes
configure:16363: checking for stdbool.h that conforms to C99
configure:16430: gcc -c -g -O2  conftest.c >&5
configure:16430: $? = 0
configure:16437: result: yes
configure:16439: checking for _Bool
configure:16439: gcc -c -g -O2  conftest.c >&5
configure:16439: $? = 0
configure:16439: gcc -c -g -O2  conftest.c >&5
conftest.c:79:20: error: expected expression
if (sizeof ((_Bool)))
                   ^
1 error generated.
configure:16439: $? = 1
configure: failed program was:
| /* confdefs.h */
| #define PACKAGE_NAME "adb"
| #define PACKAGE_TARNAME "adb"
| #define PACKAGE_VERSION "1.0.1"
| #define PACKAGE_STRING "adb 1.0.1"
| #define PACKAGE_BUGREPORT "karfield@126.com"
| #define PACKAGE_URL ""
| #define PACKAGE "test"
| #define VERSION "1.0"
| #define STDC_HEADERS 1
| #define HAVE_SYS_TYPES_H 1
| #define HAVE_SYS_STAT_H 1
| #define HAVE_STDLIB_H 1
| #define HAVE_STRING_H 1
| #define HAVE_MEMORY_H 1
| #define HAVE_STRINGS_H 1
| #define HAVE_INTTYPES_H 1
| #define HAVE_STDINT_H 1
| #define HAVE_UNISTD_H 1
| #define HAVE_DLFCN_H 1
| #define LT_OBJDIR ".libs/"
| #define HAVE_LIBPTHREAD 1
| #define HAVE_LIBNCURSES 1
| #define HAVE_LIBZ 1
| #define HAVE_FCNTL_H 1
| #define HAVE_LIMITS_H 1
| #define HAVE_MEMORY_H 1
| #define HAVE_NETDB_H 1
| #define HAVE_NETINET_IN_H 1
| #define HAVE_STDDEF_H 1
| #define HAVE_STDINT_H 1
| #define HAVE_STDLIB_H 1
| #define HAVE_STRING_H 1
| #define HAVE_STRINGS_H 1
| #define HAVE_SYS_IOCTL_H 1
| #define HAVE_SYS_MOUNT_H 1
| #define HAVE_SYS_SOCKET_H 1
| #define HAVE_SYS_TIME_H 1
| #define HAVE_TERMIOS_H 1
| #define HAVE_UNISTD_H 1
| #define HAVE_UTIME_H 1
| /* end confdefs.h.  */
| #include <stdio.h>
| #ifdef HAVE_SYS_TYPES_H
| # include <sys/types.h>
| #endif
| #ifdef HAVE_SYS_STAT_H
| # include <sys/stat.h>
| #endif
| #ifdef STDC_HEADERS
| # include <stdlib.h>
| # include <stddef.h>
| #else
| # ifdef HAVE_STDLIB_H
| #  include <stdlib.h>
| # endif
| #endif
| #ifdef HAVE_STRING_H
| # if !defined STDC_HEADERS && defined HAVE_MEMORY_H
| #  include <memory.h>
| # endif
| # include <string.h>
| #endif
| #ifdef HAVE_STRINGS_H
| # include <strings.h>
| #endif
| #ifdef HAVE_INTTYPES_H
| # include <inttypes.h>
| #endif
| #ifdef HAVE_STDINT_H
| # include <stdint.h>
| #endif
| #ifdef HAVE_UNISTD_H
| # include <unistd.h>
| #endif
| int
| main ()
| {
| if (sizeof ((_Bool)))
| 	    return 0;
|   ;
|   return 0;
| }
configure:16439: result: yes
configure:16456: checking for uint16_t
configure:16456: gcc -c -g -O2  conftest.c >&5
configure:16456: $? = 0
configure:16456: result: yes
configure:16468: checking for uint8_t
configure:16468: gcc -c -g -O2  conftest.c >&5
configure:16468: $? = 0
configure:16468: result: yes
configure:16486: checking for working alloca.h
configure:16503: gcc -o conftest -g -O2   conftest.c -lz -lncurses -lpthread  >&5
configure:16503: $? = 0
configure:16511: result: yes
configure:16519: checking for alloca
configure:16556: gcc -o conftest -g -O2   conftest.c -lz -lncurses -lpthread  >&5
configure:16556: $? = 0
configure:16564: result: yes
configure:16672: checking vfork.h usability
configure:16672: gcc -c -g -O2  conftest.c >&5
conftest.c:80:10: fatal error: 'vfork.h' file not found
#include <vfork.h>
         ^
1 error generated.
configure:16672: $? = 1
configure: failed program was:
| /* confdefs.h */
| #define PACKAGE_NAME "adb"
| #define PACKAGE_TARNAME "adb"
| #define PACKAGE_VERSION "1.0.1"
| #define PACKAGE_STRING "adb 1.0.1"
| #define PACKAGE_BUGREPORT "karfield@126.com"
| #define PACKAGE_URL ""
| #define PACKAGE "test"
| #define VERSION "1.0"
| #define STDC_HEADERS 1
| #define HAVE_SYS_TYPES_H 1
| #define HAVE_SYS_STAT_H 1
| #define HAVE_STDLIB_H 1
| #define HAVE_STRING_H 1
| #define HAVE_MEMORY_H 1
| #define HAVE_STRINGS_H 1
| #define HAVE_INTTYPES_H 1
| #define HAVE_STDINT_H 1
| #define HAVE_UNISTD_H 1
| #define HAVE_DLFCN_H 1
| #define LT_OBJDIR ".libs/"
| #define HAVE_LIBPTHREAD 1
| #define HAVE_LIBNCURSES 1
| #define HAVE_LIBZ 1
| #define HAVE_FCNTL_H 1
| #define HAVE_LIMITS_H 1
| #define HAVE_MEMORY_H 1
| #define HAVE_NETDB_H 1
| #define HAVE_NETINET_IN_H 1
| #define HAVE_STDDEF_H 1
| #define HAVE_STDINT_H 1
| #define HAVE_STDLIB_H 1
| #define HAVE_STRING_H 1
| #define HAVE_STRINGS_H 1
| #define HAVE_SYS_IOCTL_H 1
| #define HAVE_SYS_MOUNT_H 1
| #define HAVE_SYS_SOCKET_H 1
| #define HAVE_SYS_TIME_H 1
| #define HAVE_TERMIOS_H 1
| #define HAVE_UNISTD_H 1
| #define HAVE_UTIME_H 1
| #define HAVE__BOOL 1
| #define HAVE_STDBOOL_H 1
| #define HAVE_ALLOCA_H 1
| #define HAVE_ALLOCA 1
| /* end confdefs.h.  */
| #include <stdio.h>
| #ifdef HAVE_SYS_TYPES_H
| # include <sys/types.h>
| #endif
| #ifdef HAVE_SYS_STAT_H
| # include <sys/stat.h>
| #endif
| #ifdef STDC_HEADERS
| # include <stdlib.h>
| # include <stddef.h>
| #else
| # ifdef HAVE_STDLIB_H
| #  include <stdlib.h>
| # endif
| #endif
| #ifdef HAVE_STRING_H
| # if !defined STDC_HEADERS && defined HAVE_MEMORY_H
| #  include <memory.h>
| # endif
| # include <string.h>
| #endif
| #ifdef HAVE_STRINGS_H
| # include <strings.h>
| #endif
| #ifdef HAVE_INTTYPES_H
| # include <inttypes.h>
| #endif
| #ifdef HAVE_STDINT_H
| # include <stdint.h>
| #endif
| #ifdef HAVE_UNISTD_H
| # include <unistd.h>
| #endif
| #include <vfork.h>
configure:16672: result: no
configure:16672: checking vfork.h presence
configure:16672: gcc -E  conftest.c
conftest.c:47:10: fatal error: 'vfork.h' file not found
#include <vfork.h>
         ^
1 error generated.
configure:16672: $? = 1
configure: failed program was:
| /* confdefs.h */
| #define PACKAGE_NAME "adb"
| #define PACKAGE_TARNAME "adb"
| #define PACKAGE_VERSION "1.0.1"
| #define PACKAGE_STRING "adb 1.0.1"
| #define PACKAGE_BUGREPORT "karfield@126.com"
| #define PACKAGE_URL ""
| #define PACKAGE "test"
| #define VERSION "1.0"
| #define STDC_HEADERS 1
| #define HAVE_SYS_TYPES_H 1
| #define HAVE_SYS_STAT_H 1
| #define HAVE_STDLIB_H 1
| #define HAVE_STRING_H 1
| #define HAVE_MEMORY_H 1
| #define HAVE_STRINGS_H 1
| #define HAVE_INTTYPES_H 1
| #define HAVE_STDINT_H 1
| #define HAVE_UNISTD_H 1
| #define HAVE_DLFCN_H 1
| #define LT_OBJDIR ".libs/"
| #define HAVE_LIBPTHREAD 1
| #define HAVE_LIBNCURSES 1
| #define HAVE_LIBZ 1
| #define HAVE_FCNTL_H 1
| #define HAVE_LIMITS_H 1
| #define HAVE_MEMORY_H 1
| #define HAVE_NETDB_H 1
| #define HAVE_NETINET_IN_H 1
| #define HAVE_STDDEF_H 1
| #define HAVE_STDINT_H 1
| #define HAVE_STDLIB_H 1
| #define HAVE_STRING_H 1
| #define HAVE_STRINGS_H 1
| #define HAVE_SYS_IOCTL_H 1
| #define HAVE_SYS_MOUNT_H 1
| #define HAVE_SYS_SOCKET_H 1
| #define HAVE_SYS_TIME_H 1
| #define HAVE_TERMIOS_H 1
| #define HAVE_UNISTD_H 1
| #define HAVE_UTIME_H 1
| #define HAVE__BOOL 1
| #define HAVE_STDBOOL_H 1
| #define HAVE_ALLOCA_H 1
| #define HAVE_ALLOCA 1
| /* end confdefs.h.  */
| #include <vfork.h>
configure:16672: result: no
configure:16672: checking for vfork.h
configure:16672: result: no
configure:16685: checking for fork
configure:16685: gcc -o conftest -g -O2   conftest.c -lz -lncurses -lpthread  >&5
configure:16685: $? = 0
configure:16685: result: yes
configure:16685: checking for vfork
configure:16685: gcc -o conftest -g -O2   conftest.c -lz -lncurses -lpthread  >&5
conftest.c:71:6: warning: incompatible redeclaration of library function 'vfork' [-Wincompatible-library-redeclaration]
char vfork ();
     ^
conftest.c:71:6: note: 'vfork' is a builtin with type 'int (void)'
1 warning generated.
configure:16685: $? = 0
configure:16685: result: yes
configure:16695: checking for working fork
configure:16717: gcc -o conftest -g -O2   conftest.c -lz -lncurses -lpthread  >&5
configure:16717: $? = 0
configure:16717: ./conftest
configure:16717: $? = 0
configure:16727: result: yes
configure:16748: checking for working vfork
configure:16858: result: yes
configure:16883: checking whether lstat correctly handles trailing slash
configure:16909: gcc -o conftest -g -O2   conftest.c -lz -lncurses -lpthread  >&5
configure:16909: $? = 0
configure:16909: ./conftest
configure:16909: $? = 1
configure: program exited with status 1
configure: failed program was:
| /* confdefs.h */
| #define PACKAGE_NAME "adb"
| #define PACKAGE_TARNAME "adb"
| #define PACKAGE_VERSION "1.0.1"
| #define PACKAGE_STRING "adb 1.0.1"
| #define PACKAGE_BUGREPORT "karfield@126.com"
| #define PACKAGE_URL ""
| #define PACKAGE "test"
| #define VERSION "1.0"
| #define STDC_HEADERS 1
| #define HAVE_SYS_TYPES_H 1
| #define HAVE_SYS_STAT_H 1
| #define HAVE_STDLIB_H 1
| #define HAVE_STRING_H 1
| #define HAVE_MEMORY_H 1
| #define HAVE_STRINGS_H 1
| #define HAVE_INTTYPES_H 1
| #define HAVE_STDINT_H 1
| #define HAVE_UNISTD_H 1
| #define HAVE_DLFCN_H 1
| #define LT_OBJDIR ".libs/"
| #define HAVE_LIBPTHREAD 1
| #define HAVE_LIBNCURSES 1
| #define HAVE_LIBZ 1
| #define HAVE_FCNTL_H 1
| #define HAVE_LIMITS_H 1
| #define HAVE_MEMORY_H 1
| #define HAVE_NETDB_H 1
| #define HAVE_NETINET_IN_H 1
| #define HAVE_STDDEF_H 1
| #define HAVE_STDINT_H 1
| #define HAVE_STDLIB_H 1
| #define HAVE_STRING_H 1
| #define HAVE_STRINGS_H 1
| #define HAVE_SYS_IOCTL_H 1
| #define HAVE_SYS_MOUNT_H 1
| #define HAVE_SYS_SOCKET_H 1
| #define HAVE_SYS_TIME_H 1
| #define HAVE_TERMIOS_H 1
| #define HAVE_UNISTD_H 1
| #define HAVE_UTIME_H 1
| #define HAVE__BOOL 1
| #define HAVE_STDBOOL_H 1
| #define HAVE_ALLOCA_H 1
| #define HAVE_ALLOCA 1
| #define HAVE_FORK 1
| #define HAVE_VFORK 1
| #define HAVE_WORKING_VFORK 1
| #define HAVE_WORKING_FORK 1
| /* end confdefs.h.  */
| #include <stdio.h>
| #ifdef HAVE_SYS_TYPES_H
| # include <sys/types.h>
| #endif
| #ifdef HAVE_SYS_STAT_H
| # include <sys/stat.h>
| #endif
| #ifdef STDC_HEADERS
| # include <stdlib.h>
| # include <stddef.h>
| #else
| # ifdef HAVE_STDLIB_H
| #  include <stdlib.h>
| # endif
| #endif
| #ifdef HAVE_STRING_H
| # if !defined STDC_HEADERS && defined HAVE_MEMORY_H
| #  include <memory.h>
| # endif
| # include <string.h>
| #endif
| #ifdef HAVE_STRINGS_H
| # include <strings.h>
| #endif
| #ifdef HAVE_INTTYPES_H
| # include <inttypes.h>
| #endif
| #ifdef HAVE_STDINT_H
| # include <stdint.h>
| #endif
| #ifdef HAVE_UNISTD_H
| # include <unistd.h>
| #endif
| int
| main ()
| {
| struct stat sbuf;
|      /* Linux will dereference the symlink and fail, as required by POSIX.
| 	That is better in the sense that it means we will not
| 	have to compile and use the lstat wrapper.  */
|      return lstat ("conftest.sym/", &sbuf) == 0;
|   ;
|   return 0;
| }
configure:16926: result: no
configure:16947: checking for stdlib.h
configure:16947: result: yes
configure:16957: checking for GNU libc compatible malloc
configure:16981: gcc -o conftest -g -O2   conftest.c -lz -lncurses -lpthread  >&5
configure:16981: $? = 0
configure:16981: ./conftest
configure:16981: $? = 0
configure:16991: result: yes
configure:17014: checking for stdlib.h
configure:17014: result: yes
configure:17024: checking for GNU libc compatible realloc
configure:17048: gcc -o conftest -g -O2   conftest.c -lz -lncurses -lpthread  >&5
configure:17048: $? = 0
configure:17048: ./conftest
configure:17048: $? = 0
configure:17058: result: yes
configure:17082: checking for atexit
configure:17082: gcc -o conftest -g -O2   conftest.c -lz -lncurses -lpthread  >&5
configure:17082: $? = 0
configure:17082: result: yes
configure:17082: checking for dup2
configure:17082: gcc -o conftest -g -O2   conftest.c -lz -lncurses -lpthread  >&5
configure:17082: $? = 0
configure:17082: result: yes
configure:17082: checking for getcwd
configure:17082: gcc -o conftest -g -O2   conftest.c -lz -lncurses -lpthread  >&5
configure:17082: $? = 0
configure:17082: result: yes
configure:17082: checking for gethostbyname
configure:17082: gcc -o conftest -g -O2   conftest.c -lz -lncurses -lpthread  >&5
configure:17082: $? = 0
configure:17082: result: yes
configure:17082: checking for gettimeofday
configure:17082: gcc -o conftest -g -O2   conftest.c -lz -lncurses -lpthread  >&5
configure:17082: $? = 0
configure:17082: result: yes
configure:17082: checking for localtime_r
configure:17082: gcc -o conftest -g -O2   conftest.c -lz -lncurses -lpthread  >&5
configure:17082: $? = 0
configure:17082: result: yes
configure:17082: checking for memset
configure:17082: gcc -o conftest -g -O2   conftest.c -lz -lncurses -lpthread  >&5
conftest.c:84:6: warning: incompatible redeclaration of library function 'memset' [-Wincompatible-library-redeclaration]
char memset ();
     ^
conftest.c:84:6: note: 'memset' is a builtin with type 'void *(void *, int, unsigned long)'
1 warning generated.
configure:17082: $? = 0
configure:17082: result: yes
configure:17082: checking for mkdir
configure:17082: gcc -o conftest -g -O2   conftest.c -lz -lncurses -lpthread  >&5
configure:17082: $? = 0
configure:17082: result: yes
configure:17082: checking for select
configure:17082: gcc -o conftest -g -O2   conftest.c -lz -lncurses -lpthread  >&5
configure:17082: $? = 0
configure:17082: result: yes
configure:17082: checking for socket
configure:17082: gcc -o conftest -g -O2   conftest.c -lz -lncurses -lpthread  >&5
configure:17082: $? = 0
configure:17082: result: yes
configure:17082: checking for strchr
configure:17082: gcc -o conftest -g -O2   conftest.c -lz -lncurses -lpthread  >&5
conftest.c:88:6: warning: incompatible redeclaration of library function 'strchr' [-Wincompatible-library-redeclaration]
char strchr ();
     ^
conftest.c:88:6: note: 'strchr' is a builtin with type 'char *(const char *, int)'
1 warning generated.
configure:17082: $? = 0
configure:17082: result: yes
configure:17082: checking for strdup
configure:17082: gcc -o conftest -g -O2   conftest.c -lz -lncurses -lpthread  >&5
conftest.c:89:6: warning: incompatible redeclaration of library function 'strdup' [-Wincompatible-library-redeclaration]
char strdup ();
     ^
conftest.c:89:6: note: 'strdup' is a builtin with type 'char *(const char *)'
1 warning generated.
configure:17082: $? = 0
configure:17082: result: yes
configure:17082: checking for strerror
configure:17082: gcc -o conftest -g -O2   conftest.c -lz -lncurses -lpthread  >&5
conftest.c:90:6: warning: incompatible redeclaration of library function 'strerror' [-Wincompatible-library-redeclaration]
char strerror ();
     ^
conftest.c:90:6: note: 'strerror' is a builtin with type 'char *(int)'
1 warning generated.
configure:17082: $? = 0
configure:17082: result: yes
configure:17082: checking for strpbrk
configure:17082: gcc -o conftest -g -O2   conftest.c -lz -lncurses -lpthread  >&5
conftest.c:91:6: warning: incompatible redeclaration of library function 'strpbrk' [-Wincompatible-library-redeclaration]
char strpbrk ();
     ^
conftest.c:91:6: note: 'strpbrk' is a builtin with type 'char *(const char *, const char *)'
1 warning generated.
configure:17082: $? = 0
configure:17082: result: yes
configure:17082: checking for strrchr
configure:17082: gcc -o conftest -g -O2   conftest.c -lz -lncurses -lpthread  >&5
conftest.c:92:6: warning: incompatible redeclaration of library function 'strrchr' [-Wincompatible-library-redeclaration]
char strrchr ();
     ^
conftest.c:92:6: note: 'strrchr' is a builtin with type 'char *(const char *, int)'
1 warning generated.
configure:17082: $? = 0
configure:17082: result: yes
configure:17082: checking for strtol
configure:17082: gcc -o conftest -g -O2   conftest.c -lz -lncurses -lpthread  >&5
configure:17082: $? = 0
configure:17082: result: yes
configure:17082: checking for strtoul
configure:17082: gcc -o conftest -g -O2   conftest.c -lz -lncurses -lpthread  >&5
configure:17082: $? = 0
configure:17082: result: yes
configure:17082: checking for tzset
configure:17082: gcc -o conftest -g -O2   conftest.c -lz -lncurses -lpthread  >&5
configure:17082: $? = 0
configure:17082: result: yes
configure:17082: checking for utime
configure:17082: gcc -o conftest -g -O2   conftest.c -lz -lncurses -lpthread  >&5
configure:17082: $? = 0
configure:17082: result: yes
configure:17221: checking that generated files are newer than configure
configure:17227: result: done
configure:17262: creating ./config.status

## ---------------------- ##
## Running config.status. ##
## ---------------------- ##

This file was extended by adb config.status 1.0.1, which was
generated by GNU Autoconf 2.69.  Invocation command line was

  CONFIG_FILES    = 
  CONFIG_HEADERS  = 
  CONFIG_LINKS    = 
  CONFIG_COMMANDS = 
  $ ./config.status 

on colindeiMac.local

config.status:1202: creating Makefile
config.status:1202: creating src/Makefile
config.status:1202: creating fastboot/Makefile
config.status:1202: creating libcutils/Makefile
config.status:1202: creating libzipfile/Makefile
config.status:1202: creating config.h
config.status:1383: config.h is unchanged
config.status:1431: executing depfiles commands
config.status:1431: executing libtool commands

## ---------------- ##
## Cache variables. ##
## ---------------- ##

ac_cv_build=x86_64-apple-darwin14.1.0
ac_cv_c_compiler_gnu=yes
ac_cv_c_inline=inline
ac_cv_c_int64_t=yes
ac_cv_c_uint16_t=yes
ac_cv_c_uint8_t=yes
ac_cv_cxx_compiler_gnu=yes
ac_cv_env_CCC_set=
ac_cv_env_CCC_value=
ac_cv_env_CC_set=
ac_cv_env_CC_value=
ac_cv_env_CFLAGS_set=
ac_cv_env_CFLAGS_value=
ac_cv_env_CPPFLAGS_set=
ac_cv_env_CPPFLAGS_value=
ac_cv_env_CPP_set=
ac_cv_env_CPP_value=
ac_cv_env_CXXCPP_set=
ac_cv_env_CXXCPP_value=
ac_cv_env_CXXFLAGS_set=
ac_cv_env_CXXFLAGS_value=
ac_cv_env_CXX_set=
ac_cv_env_CXX_value=
ac_cv_env_LDFLAGS_set=
ac_cv_env_LDFLAGS_value=
ac_cv_env_LIBS_set=
ac_cv_env_LIBS_value=
ac_cv_env_LT_SYS_LIBRARY_PATH_set=
ac_cv_env_LT_SYS_LIBRARY_PATH_value=
ac_cv_env_build_alias_set=
ac_cv_env_build_alias_value=
ac_cv_env_host_alias_set=
ac_cv_env_host_alias_value=
ac_cv_env_target_alias_set=
ac_cv_env_target_alias_value=
ac_cv_func_alloca_works=yes
ac_cv_func_atexit=yes
ac_cv_func_dup2=yes
ac_cv_func_fork=yes
ac_cv_func_fork_works=yes
ac_cv_func_getcwd=yes
ac_cv_func_gethostbyname=yes
ac_cv_func_gettimeofday=yes
ac_cv_func_localtime_r=yes
ac_cv_func_lstat_dereferences_slashed_symlink=no
ac_cv_func_malloc_0_nonnull=yes
ac_cv_func_memset=yes
ac_cv_func_mkdir=yes
ac_cv_func_realloc_0_nonnull=yes
ac_cv_func_select=yes
ac_cv_func_socket=yes
ac_cv_func_strchr=yes
ac_cv_func_strdup=yes
ac_cv_func_strerror=yes
ac_cv_func_strpbrk=yes
ac_cv_func_strrchr=yes
ac_cv_func_strtol=yes
ac_cv_func_strtoul=yes
ac_cv_func_tzset=yes
ac_cv_func_utime=yes
ac_cv_func_vfork=yes
ac_cv_func_vfork_works=yes
ac_cv_header_dlfcn_h=yes
ac_cv_header_fcntl_h=yes
ac_cv_header_inttypes_h=yes
ac_cv_header_limits_h=yes
ac_cv_header_memory_h=yes
ac_cv_header_netdb_h=yes
ac_cv_header_netinet_in_h=yes
ac_cv_header_stdbool_h=yes
ac_cv_header_stdc=yes
ac_cv_header_stddef_h=yes
ac_cv_header_stdint_h=yes
ac_cv_header_stdlib_h=yes
ac_cv_header_string_h=yes
ac_cv_header_strings_h=yes
ac_cv_header_sys_ioctl_h=yes
ac_cv_header_sys_mount_h=yes
ac_cv_header_sys_socket_h=yes
ac_cv_header_sys_stat_h=yes
ac_cv_header_sys_time_h=yes
ac_cv_header_sys_types_h=yes
ac_cv_header_termios_h=yes
ac_cv_header_unistd_h=yes
ac_cv_header_utime_h=yes
ac_cv_header_vfork_h=no
ac_cv_host=x86_64-apple-darwin14.1.0
ac_cv_lib_ncurses_delscreen=yes
ac_cv_lib_pthread_pthread_create=yes
ac_cv_lib_rt_sched_setscheduler=no
ac_cv_lib_z_inflateInit2_=yes
ac_cv_objext=o
ac_cv_path_EGREP='/usr/bin/grep -E'
ac_cv_path_FGREP='/usr/bin/grep -F'
ac_cv_path_GREP=/usr/bin/grep
ac_cv_path_SED=/usr/bin/sed
ac_cv_path_install='/opt/local/bin/ginstall -c'
ac_cv_path_lt_DD=/bin/dd
ac_cv_path_mkdir=/opt/local/bin/gmkdir
ac_cv_prog_AWK=awk
ac_cv_prog_CPP='gcc -E'
ac_cv_prog_CXXCPP='g++ -E'
ac_cv_prog_ac_ct_AR=ar
ac_cv_prog_ac_ct_CC=gcc
ac_cv_prog_ac_ct_CXX=g++
ac_cv_prog_ac_ct_DSYMUTIL=dsymutil
ac_cv_prog_ac_ct_LIPO=lipo
ac_cv_prog_ac_ct_NMEDIT=nmedit
ac_cv_prog_ac_ct_OTOOL=otool
ac_cv_prog_ac_ct_RANLIB=ranlib
ac_cv_prog_ac_ct_STRIP=strip
ac_cv_prog_cc_c89=
ac_cv_prog_cc_g=yes
ac_cv_prog_cxx_g=yes
ac_cv_prog_make_make_set=yes
ac_cv_type__Bool=yes
ac_cv_type_mode_t=yes
ac_cv_type_pid_t=yes
ac_cv_type_size_t=yes
ac_cv_type_ssize_t=yes
ac_cv_type_uid_t=yes
ac_cv_working_alloca_h=yes
am_cv_CC_dependencies_compiler_type=gcc3
am_cv_CXX_dependencies_compiler_type=gcc3
am_cv_make_support_nested_variables=yes
am_cv_prog_cc_c_o=yes
lt_cv_apple_cc_single_mod=yes
lt_cv_ar_at_file=no
lt_cv_deplibs_check_method=pass_all
lt_cv_file_magic_cmd='$MAGIC_CMD'
lt_cv_file_magic_test_file=
lt_cv_ld_exported_symbols_list=yes
lt_cv_ld_force_load=yes
lt_cv_ld_reload_flag=-r
lt_cv_nm_interface='BSD nm'
lt_cv_objdir=.libs
lt_cv_path_LD=/Applications/Xcode.app/Contents/Developer/Toolchains/OSX10.9.xctoolchain/usr/bin/ld
lt_cv_path_LDCXX=/Applications/Xcode.app/Contents/Developer/Toolchains/OSX10.9.xctoolchain/usr/bin/ld
lt_cv_path_NM=/usr/bin/nm
lt_cv_path_mainfest_tool=no
lt_cv_prog_compiler_c_o=yes
lt_cv_prog_compiler_c_o_CXX=yes
lt_cv_prog_compiler_pic='-fno-common -DPIC'
lt_cv_prog_compiler_pic_CXX='-fno-common -DPIC'
lt_cv_prog_compiler_pic_works=yes
lt_cv_prog_compiler_pic_works_CXX=yes
lt_cv_prog_compiler_rtti_exceptions=yes
lt_cv_prog_compiler_static_works=no
lt_cv_prog_compiler_static_works_CXX=no
lt_cv_prog_gnu_ld=no
lt_cv_prog_gnu_ldcxx=no
lt_cv_sharedlib_from_linklib_cmd='printf %s\n'
lt_cv_sys_global_symbol_pipe='sed -n -e '\''s/^.*[	 ]\([BCDEGRST][BCDEGRST]*\)[	 ][	 ]*_\([_A-Za-z][_A-Za-z0-9]*\)$/\1 _\2 \2/p'\'' | sed '\''/ __gnu_lto/d'\'''
lt_cv_sys_global_symbol_to_c_name_address='sed -n -e '\''s/^: \(.*\) .*$/  {"\1", (void *) 0},/p'\'' -e '\''s/^[BCDEGRST][BCDEGRST]* .* \(.*\)$/  {"\1", (void *) \&\1},/p'\'''
lt_cv_sys_global_symbol_to_c_name_address_lib_prefix='sed -n -e '\''s/^: \(.*\) .*$/  {"\1", (void *) 0},/p'\'' -e '\''s/^[BCDEGRST][BCDEGRST]* .* \(lib.*\)$/  {"\1", (void *) \&\1},/p'\'' -e '\''s/^[BCDEGRST][BCDEGRST]* .* \(.*\)$/  {"lib\1", (void *) \&\1},/p'\'''
lt_cv_sys_global_symbol_to_cdecl='sed -n -e '\''s/^T .* \(.*\)$/extern int \1();/p'\'' -e '\''s/^[BCDEGRST][BCDEGRST]* .* \(.*\)$/extern char \1;/p'\'''
lt_cv_sys_global_symbol_to_import=
lt_cv_sys_lib_dlsearch_path_spec='/usr/local/lib /lib /usr/lib'
lt_cv_sys_max_cmd_len=196608
lt_cv_to_host_file_cmd=func_convert_file_noop
lt_cv_to_tool_file_cmd=func_convert_file_noop
lt_cv_truncate_bin='/bin/dd bs=4096 count=1'

## ----------------- ##
## Output variables. ##
## ----------------- ##

ACLOCAL='${SHELL} /Users/colin/Documents/Work/colin-adb/missing aclocal-1.15'
ALLOCA=''
AMDEPBACKSLASH='\'
AMDEP_FALSE='#'
AMDEP_TRUE=''
AMTAR='$${TAR-tar}'
AM_BACKSLASH='\'
AM_DEFAULT_V='$(AM_DEFAULT_VERBOSITY)'
AM_DEFAULT_VERBOSITY='1'
AM_V='$(V)'
AR='ar'
AUTOCONF='${SHELL} /Users/colin/Documents/Work/colin-adb/missing autoconf'
AUTOHEADER='${SHELL} /Users/colin/Documents/Work/colin-adb/missing autoheader'
AUTOMAKE='${SHELL} /Users/colin/Documents/Work/colin-adb/missing automake-1.15'
AWK='awk'
CC='gcc'
CCDEPMODE='depmode=gcc3'
CFLAGS='-g -O2'
CPP='gcc -E'
CPPFLAGS=''
CXX='g++'
CXXCPP='g++ -E'
CXXDEPMODE='depmode=gcc3'
CXXFLAGS='-g -O2'
CYGPATH_W='echo'
DEFS='-DHAVE_CONFIG_H'
DEPDIR='.deps'
DLLTOOL='false'
DSYMUTIL='dsymutil'
DUMPBIN=''
ECHO_C='\c'
ECHO_N=''
ECHO_T=''
EGREP='/usr/bin/grep -E'
EXEEXT=''
FGREP='/usr/bin/grep -F'
GREP='/usr/bin/grep'
HOST_IS_DARWIN_FALSE='#'
HOST_IS_DARWIN_TRUE=''
HOST_IS_LINUX_FALSE=''
HOST_IS_LINUX_TRUE='#'
INSTALL_DATA='${INSTALL} -m 644'
INSTALL_PROGRAM='${INSTALL}'
INSTALL_SCRIPT='${INSTALL}'
INSTALL_STRIP_PROGRAM='$(install_sh) -c -s'
LD='/Applications/Xcode.app/Contents/Developer/Toolchains/OSX10.9.xctoolchain/usr/bin/ld'
LDFLAGS=''
LIBOBJS=' ${LIBOBJDIR}lstat$U.o'
LIBS='-lz -lncurses -lpthread '
LIBTOOL='$(SHELL) $(top_builddir)/libtool'
LIPO='lipo'
LN_S='ln -s'
LTLIBOBJS=' ${LIBOBJDIR}lstat$U.lo'
LT_SYS_LIBRARY_PATH=''
MAKEINFO='${SHELL} /Users/colin/Documents/Work/colin-adb/missing makeinfo'
MANIFEST_TOOL=':'
MKDIR_P='/opt/local/bin/gmkdir -p'
NM='/usr/bin/nm'
NMEDIT='nmedit'
OBJDUMP='false'
OBJEXT='o'
OTOOL64=':'
OTOOL='otool'
PACKAGE='test'
PACKAGE_BUGREPORT='karfield@126.com'
PACKAGE_NAME='adb'
PACKAGE_STRING='adb 1.0.1'
PACKAGE_TARNAME='adb'
PACKAGE_URL=''
PACKAGE_VERSION='1.0.1'
PATH_SEPARATOR=':'
RANLIB='ranlib'
SED='/usr/bin/sed'
SET_MAKE=''
SHELL='/bin/sh'
STRIP='strip'
VERSION='1.0'
ac_ct_AR='ar'
ac_ct_CC='gcc'
ac_ct_CXX='g++'
ac_ct_DUMPBIN=''
am__EXEEXT_FALSE=''
am__EXEEXT_TRUE='#'
am__fastdepCC_FALSE='#'
am__fastdepCC_TRUE=''
am__fastdepCXX_FALSE='#'
am__fastdepCXX_TRUE=''
am__include='include'
am__isrc=''
am__leading_dot='.'
am__nodep='_no'
am__quote=''
am__tar='$${TAR-tar} chof - "$$tardir"'
am__untar='$${TAR-tar} xf -'
bindir='${exec_prefix}/bin'
build='x86_64-apple-darwin14.1.0'
build_alias=''
build_cpu='x86_64'
build_os='darwin14.1.0'
build_vendor='apple'
datadir='${datarootdir}'
datarootdir='${prefix}/share'
docdir='${datarootdir}/doc/${PACKAGE_TARNAME}'
dvidir='${docdir}'
exec_prefix='${prefix}'
host='x86_64-apple-darwin14.1.0'
host_alias=''
host_cpu='x86_64'
host_os='darwin14.1.0'
host_vendor='apple'
htmldir='${docdir}'
includedir='${prefix}/include'
infodir='${datarootdir}/info'
install_sh='${SHELL} /Users/colin/Documents/Work/colin-adb/install-sh'
libdir='${exec_prefix}/lib'
libexecdir='${exec_prefix}/libexec'
localedir='${datarootdir}/locale'
localstatedir='${prefix}/var'
mandir='${datarootdir}/man'
mkdir_p='$(MKDIR_P)'
oldincludedir='/usr/include'
pdfdir='${docdir}'
prefix='/usr/local'
program_transform_name='s,x,x,'
psdir='${docdir}'
sbindir='${exec_prefix}/sbin'
sharedstatedir='${prefix}/com'
sysconfdir='${prefix}/etc'
target_alias=''

## ----------- ##
## confdefs.h. ##
## ----------- ##

/* confdefs.h */
#define PACKAGE_NAME "adb"
#define PACKAGE_TARNAME "adb"
#define PACKAGE_VERSION "1.0.1"
#define PACKAGE_STRING "adb 1.0.1"
#define PACKAGE_BUGREPORT "karfield@126.com"
#define PACKAGE_URL ""
#define PACKAGE "test"
#define VERSION "1.0"
#define STDC_HEADERS 1
#define HAVE_SYS_TYPES_H 1
#define HAVE_SYS_STAT_H 1
#define HAVE_STDLIB_H 1
#define HAVE_STRING_H 1
#define HAVE_MEMORY_H 1
#define HAVE_STRINGS_H 1
#define HAVE_INTTYPES_H 1
#define HAVE_STDINT_H 1
#define HAVE_UNISTD_H 1
#define HAVE_DLFCN_H 1
#define LT_OBJDIR ".libs/"
#define HAVE_LIBPTHREAD 1
#define HAVE_LIBNCURSES 1
#define HAVE_LIBZ 1
#define HAVE_FCNTL_H 1
#define HAVE_LIMITS_H 1
#define HAVE_MEMORY_H 1
#define HAVE_NETDB_H 1
#define HAVE_NETINET_IN_H 1
#define HAVE_STDDEF_H 1
#define HAVE_STDINT_H 1
#define HAVE_STDLIB_H 1
#define HAVE_STRING_H 1
#define HAVE_STRINGS_H 1
#define HAVE_SYS_IOCTL_H 1
#define HAVE_SYS_MOUNT_H 1
#define HAVE_SYS_SOCKET_H 1
#define HAVE_SYS_TIME_H 1
#define HAVE_TERMIOS_H 1
#define HAVE_UNISTD_H 1
#define HAVE_UTIME_H 1
#define HAVE__BOOL 1
#define HAVE_STDBOOL_H 1
#define HAVE_ALLOCA_H 1
#define HAVE_ALLOCA 1
#define HAVE_FORK 1
#define HAVE_VFORK 1
#define HAVE_WORKING_VFORK 1
#define HAVE_WORKING_FORK 1
#define HAVE_STDLIB_H 1
#define HAVE_MALLOC 1
#define HAVE_STDLIB_H 1
#define HAVE_REALLOC 1
#define HAVE_ATEXIT 1
#define HAVE_DUP2 1
#define HAVE_GETCWD 1
#define HAVE_GETHOSTBYNAME 1
#define HAVE_GETTIMEOFDAY 1
#define HAVE_LOCALTIME_R 1
#define HAVE_MEMSET 1
#define HAVE_MKDIR 1
#define HAVE_SELECT 1
#define HAVE_SOCKET 1
#define HAVE_STRCHR 1
#define HAVE_STRDUP 1
#define HAVE_STRERROR 1
#define HAVE_STRPBRK 1
#define HAVE_STRRCHR 1
#define HAVE_STRTOL 1
#define HAVE_STRTOUL 1
#define HAVE_TZSET 1
#define HAVE_UTIME 1

configure: exit 0
